<?xml version="1.0" encoding="UTF-8"?>
<testng-results ignored="0" total="1" passed="1" failed="0" skipped="0">
  <reporter-output>
  </reporter-output>
  <suite started-at="2024-04-28T10:27:15 IST" name="Suite" finished-at="2024-04-28T10:27:37 IST" duration-ms="22004">
    <groups>
    </groups>
    <test started-at="2024-04-28T10:27:15 IST" name="Test" finished-at="2024-04-28T10:27:37 IST" duration-ms="22004">
      <class name="com.bankingproject.TestClass.Verify_Login">
        <test-method is-config="true" signature="setReport()[pri:0, instance:com.bankingproject.TestClass.Verify_Login@1573f9fc]" started-at="2024-04-28T10:27:14 IST" name="setReport" finished-at="2024-04-28T10:27:15 IST" duration-ms="400" status="PASS">
          <reporter-output>
          </reporter-output>
        </test-method> <!-- setReport -->
        <test-method is-config="true" signature="setup(java.lang.String)[pri:0, instance:com.bankingproject.TestClass.Verify_Login@1573f9fc]" started-at="2024-04-28T10:27:15 IST" name="setup" finished-at="2024-04-28T10:27:24 IST" duration-ms="9594" status="PASS">
          <params>
            <param index="0">
              <value>
                <![CDATA[Chrome]]>
              </value>
            </param>
          </params>
          <reporter-output>
          </reporter-output>
        </test-method> <!-- setup -->
        <test-method signature="loginTest()[pri:0, instance:com.bankingproject.TestClass.Verify_Login@1573f9fc]" started-at="2024-04-28T10:27:24 IST" name="loginTest" finished-at="2024-04-28T10:27:35 IST" duration-ms="10329" status="PASS">
          <reporter-output>
          </reporter-output>
        </test-method> <!-- loginTest -->
        <test-method is-config="true" signature="closeBrowser()[pri:0, instance:com.bankingproject.TestClass.Verify_Login@1573f9fc]" started-at="2024-04-28T10:27:35 IST" name="closeBrowser" finished-at="2024-04-28T10:27:37 IST" duration-ms="2009" status="PASS">
          <reporter-output>
          </reporter-output>
        </test-method> <!-- closeBrowser -->
        <test-method is-config="true" signature="endReport()[pri:0, instance:com.bankingproject.TestClass.Verify_Login@1573f9fc]" started-at="2024-04-28T10:27:37 IST" name="endReport" finished-at="2024-04-28T10:27:38 IST" duration-ms="982" status="PASS">
          <reporter-output>
          </reporter-output>
        </test-method> <!-- endReport -->
      </class> <!-- com.bankingproject.TestClass.Verify_Login -->
    </test> <!-- Test -->
  </suite> <!-- Suite -->
</testng-results>
